<?xml version="1.0" encoding="UTF-8"?>
<!-- Generated by org.testng.reporters.JUnitReportReporter -->
<testsuite skipped="0" hostname="NETHRA-PC" name="tests.rest.TC001_CreateSurveyRequest" tests="1" failures="0" timestamp="2020-10-11T00:35:11 IST" time="11.455" errors="0">
  <testcase name="createNewSurvey" time="11.455" classname="tests.rest.TC001_CreateSurveyRequest"/>
  <system-out/>
</testsuite> <!-- tests.rest.TC001_CreateSurveyRequest -->
