<?xml version="1.0" encoding="UTF-8"?>
<!-- Generated by org.testng.reporters.JUnitReportReporter -->
<testsuite skipped="0" hostname="NETHRA-PC" name="tests.rest.TC004_ModifyQuestionsRequest" tests="1" failures="0" timestamp="2020-10-11T00:35:11 IST" time="1.826" errors="0">
  <testcase name="modidyQuestion" time="1.826" classname="tests.rest.TC004_ModifyQuestionsRequest"/>
  <system-out/>
</testsuite> <!-- tests.rest.TC004_ModifyQuestionsRequest -->
