<?xml version="1.0" encoding="UTF-8"?>
<!-- Generated by org.testng.reporters.JUnitReportReporter -->
<testsuite skipped="0" hostname="NETHRA-PC" name="tests.rest.TC003_CreateQuestionsRequest" tests="2" failures="0" timestamp="2020-10-11T00:35:11 IST" time="3.277" errors="0">
  <testcase name="createNewQuestion" time="1.627" classname="tests.rest.TC003_CreateQuestionsRequest"/>
  <system-out/>
  <testcase name="createNewQuestion" time="1.650" classname="tests.rest.TC003_CreateQuestionsRequest"/>
  <system-out/>
</testsuite> <!-- tests.rest.TC003_CreateQuestionsRequest -->
