<?xml version="1.0" encoding="UTF-8"?>
<!-- Generated by org.testng.reporters.JUnitReportReporter -->
<testsuite skipped="0" hostname="NETHRA-PC" name="tests.rest.TC002_CreatePageRequest" tests="1" failures="0" timestamp="2020-10-10T20:51:52 IST" time="1.421" errors="0">
  <testcase name="createNewPage" time="1.421" classname="tests.rest.TC002_CreatePageRequest"/>
  <system-out/>
</testsuite> <!-- tests.rest.TC002_CreatePageRequest -->
