<?xml version="1.0" encoding="UTF-8"?>
<!-- Generated by org.testng.reporters.JUnitReportReporter -->
<testsuite skipped="0" hostname="NETHRA-PC" name="tests.rest.TC005_DeleteQuestionsRequest" tests="1" failures="0" timestamp="2020-10-10T20:51:52 IST" time="0.926" errors="0">
  <testcase name="deleteQuestion" time="0.926" classname="tests.rest.TC005_DeleteQuestionsRequest"/>
  <system-out/>
</testsuite> <!-- tests.rest.TC005_DeleteQuestionsRequest -->
