<?xml version="1.0" encoding="UTF-8"?>
<!-- Generated by org.testng.reporters.JUnitReportReporter -->
<testsuite skipped="0" hostname="NETHRA-PC" name="tests.rest.TC001_CreateSurveyRequest" tests="1" failures="0" timestamp="2020-10-10T20:51:52 IST" time="12.391" errors="0">
  <testcase name="createNewSurvey" time="12.391" classname="tests.rest.TC001_CreateSurveyRequest"/>
  <system-out/>
</testsuite> <!-- tests.rest.TC001_CreateSurveyRequest -->
