<?xml version="1.0" encoding="UTF-8"?>
<!-- Generated by org.testng.reporters.JUnitReportReporter -->
<testsuite skipped="0" hostname="NETHRA-PC" name="tests.rest.TC003_CreateQuestionsRequest" tests="2" failures="0" timestamp="2020-10-10T20:51:52 IST" time="2.635" errors="0">
  <testcase name="createNewQuestion" time="1.664" classname="tests.rest.TC003_CreateQuestionsRequest"/>
  <system-out/>
  <testcase name="createNewQuestion" time="0.971" classname="tests.rest.TC003_CreateQuestionsRequest"/>
  <system-out/>
</testsuite> <!-- tests.rest.TC003_CreateQuestionsRequest -->
